<?xml version="1.0" encoding="UTF-8"?>
<testsuite xmlns:xsi="http://www.w3.org/2001/XMLSchema-instance" xsi:noNamespaceSchemaLocation="https://maven.apache.org/surefire/maven-surefire-plugin/xsd/surefire-test-report-3.0.xsd" version="3.0" name="com.example.jap.CustomerRepositoryTest" time="2.613" tests="5" errors="0" skipped="0" failures="0">
  <properties>
    <property name="java.specification.version" value="21"/>
    <property name="sun.cpu.isalist" value="amd64"/>
    <property name="sun.jnu.encoding" value="Cp1252"/>
    <property name="java.class.path" value="C:\Users\ixsaa\IdeaProjects\BEJ_C2_S2_REST_API_MONGODB_PC_1\C2_S2_Practice\target\test-classes;C:\Users\ixsaa\IdeaProjects\BEJ_C2_S2_REST_API_MONGODB_PC_1\C2_S2_Practice\target\classes;C:\Users\ixsaa\.m2\repository\org\springframework\boot\spring-boot-starter-data-mongodb\3.3.5\spring-boot-starter-data-mongodb-3.3.5.jar;C:\Users\ixsaa\.m2\repository\org\springframework\boot\spring-boot-starter\3.3.5\spring-boot-starter-3.3.5.jar;C:\Users\ixsaa\.m2\repository\org\springframework\boot\spring-boot\3.3.5\spring-boot-3.3.5.jar;C:\Users\ixsaa\.m2\repository\org\springframework\boot\spring-boot-autoconfigure\3.3.5\spring-boot-autoconfigure-3.3.5.jar;C:\Users\ixsaa\.m2\repository\org\springframework\boot\spring-boot-starter-logging\3.3.5\spring-boot-starter-logging-3.3.5.jar;C:\Users\ixsaa\.m2\repository\ch\qos\logback\logback-classic\1.5.11\logback-classic-1.5.11.jar;C:\Users\ixsaa\.m2\repository\ch\qos\logback\logback-core\1.5.11\logback-core-1.5.11.jar;C:\Users\ixsaa\.m2\repository\org\apache\logging\log4j\log4j-to-slf4j\2.23.1\log4j-to-slf4j-2.23.1.jar;C:\Users\ixsaa\.m2\repository\org\apache\logging\log4j\log4j-api\2.23.1\log4j-api-2.23.1.jar;C:\Users\ixsaa\.m2\repository\org\slf4j\jul-to-slf4j\2.0.16\jul-to-slf4j-2.0.16.jar;C:\Users\ixsaa\.m2\repository\jakarta\annotation\jakarta.annotation-api\2.1.1\jakarta.annotation-api-2.1.1.jar;C:\Users\ixsaa\.m2\repository\org\yaml\snakeyaml\2.2\snakeyaml-2.2.jar;C:\Users\ixsaa\.m2\repository\org\mongodb\mongodb-driver-sync\5.0.1\mongodb-driver-sync-5.0.1.jar;C:\Users\ixsaa\.m2\repository\org\mongodb\bson\5.0.1\bson-5.0.1.jar;C:\Users\ixsaa\.m2\repository\org\mongodb\mongodb-driver-core\5.0.1\mongodb-driver-core-5.0.1.jar;C:\Users\ixsaa\.m2\repository\org\mongodb\bson-record-codec\5.0.1\bson-record-codec-5.0.1.jar;C:\Users\ixsaa\.m2\repository\org\springframework\data\spring-data-mongodb\4.3.5\spring-data-mongodb-4.3.5.jar;C:\Users\ixsaa\.m2\repository\org\springframework\spring-tx\6.1.14\spring-tx-6.1.14.jar;C:\Users\ixsaa\.m2\repository\org\springframework\spring-context\6.1.14\spring-context-6.1.14.jar;C:\Users\ixsaa\.m2\repository\org\springframework\spring-beans\6.1.14\spring-beans-6.1.14.jar;C:\Users\ixsaa\.m2\repository\org\springframework\spring-expression\6.1.14\spring-expression-6.1.14.jar;C:\Users\ixsaa\.m2\repository\org\springframework\data\spring-data-commons\3.3.5\spring-data-commons-3.3.5.jar;C:\Users\ixsaa\.m2\repository\org\slf4j\slf4j-api\2.0.16\slf4j-api-2.0.16.jar;C:\Users\ixsaa\.m2\repository\org\springframework\boot\spring-boot-starter-web\3.3.5\spring-boot-starter-web-3.3.5.jar;C:\Users\ixsaa\.m2\repository\org\springframework\boot\spring-boot-starter-json\3.3.5\spring-boot-starter-json-3.3.5.jar;C:\Users\ixsaa\.m2\repository\com\fasterxml\jackson\core\jackson-databind\2.17.2\jackson-databind-2.17.2.jar;C:\Users\ixsaa\.m2\repository\com\fasterxml\jackson\core\jackson-annotations\2.17.2\jackson-annotations-2.17.2.jar;C:\Users\ixsaa\.m2\repository\com\fasterxml\jackson\core\jackson-core\2.17.2\jackson-core-2.17.2.jar;C:\Users\ixsaa\.m2\repository\com\fasterxml\jackson\datatype\jackson-datatype-jdk8\2.17.2\jackson-datatype-jdk8-2.17.2.jar;C:\Users\ixsaa\.m2\repository\com\fasterxml\jackson\datatype\jackson-datatype-jsr310\2.17.2\jackson-datatype-jsr310-2.17.2.jar;C:\Users\ixsaa\.m2\repository\com\fasterxml\jackson\module\jackson-module-parameter-names\2.17.2\jackson-module-parameter-names-2.17.2.jar;C:\Users\ixsaa\.m2\repository\org\springframework\boot\spring-boot-starter-tomcat\3.3.5\spring-boot-starter-tomcat-3.3.5.jar;C:\Users\ixsaa\.m2\repository\org\apache\tomcat\embed\tomcat-embed-core\10.1.31\tomcat-embed-core-10.1.31.jar;C:\Users\ixsaa\.m2\repository\org\apache\tomcat\embed\tomcat-embed-el\10.1.31\tomcat-embed-el-10.1.31.jar;C:\Users\ixsaa\.m2\repository\org\apache\tomcat\embed\tomcat-embed-websocket\10.1.31\tomcat-embed-websocket-10.1.31.jar;C:\Users\ixsaa\.m2\repository\org\springframework\spring-web\6.1.14\spring-web-6.1.14.jar;C:\Users\ixsaa\.m2\repository\io\micrometer\micrometer-observation\1.13.6\micrometer-observation-1.13.6.jar;C:\Users\ixsaa\.m2\repository\io\micrometer\micrometer-commons\1.13.6\micrometer-commons-1.13.6.jar;C:\Users\ixsaa\.m2\repository\org\springframework\spring-webmvc\6.1.14\spring-webmvc-6.1.14.jar;C:\Users\ixsaa\.m2\repository\org\springframework\spring-aop\6.1.14\spring-aop-6.1.14.jar;C:\Users\ixsaa\.m2\repository\org\springframework\boot\spring-boot-starter-test\3.3.5\spring-boot-starter-test-3.3.5.jar;C:\Users\ixsaa\.m2\repository\org\springframework\boot\spring-boot-test\3.3.5\spring-boot-test-3.3.5.jar;C:\Users\ixsaa\.m2\repository\org\springframework\boot\spring-boot-test-autoconfigure\3.3.5\spring-boot-test-autoconfigure-3.3.5.jar;C:\Users\ixsaa\.m2\repository\com\jayway\jsonpath\json-path\2.9.0\json-path-2.9.0.jar;C:\Users\ixsaa\.m2\repository\jakarta\xml\bind\jakarta.xml.bind-api\4.0.2\jakarta.xml.bind-api-4.0.2.jar;C:\Users\ixsaa\.m2\repository\jakarta\activation\jakarta.activation-api\2.1.3\jakarta.activation-api-2.1.3.jar;C:\Users\ixsaa\.m2\repository\net\minidev\json-smart\2.5.1\json-smart-2.5.1.jar;C:\Users\ixsaa\.m2\repository\net\minidev\accessors-smart\2.5.1\accessors-smart-2.5.1.jar;C:\Users\ixsaa\.m2\repository\org\ow2\asm\asm\9.6\asm-9.6.jar;C:\Users\ixsaa\.m2\repository\org\assertj\assertj-core\3.25.3\assertj-core-3.25.3.jar;C:\Users\ixsaa\.m2\repository\net\bytebuddy\byte-buddy\1.14.19\byte-buddy-1.14.19.jar;C:\Users\ixsaa\.m2\repository\org\awaitility\awaitility\4.2.2\awaitility-4.2.2.jar;C:\Users\ixsaa\.m2\repository\org\hamcrest\hamcrest\2.2\hamcrest-2.2.jar;C:\Users\ixsaa\.m2\repository\org\junit\jupiter\junit-jupiter\5.10.5\junit-jupiter-5.10.5.jar;C:\Users\ixsaa\.m2\repository\org\junit\jupiter\junit-jupiter-api\5.10.5\junit-jupiter-api-5.10.5.jar;C:\Users\ixsaa\.m2\repository\org\opentest4j\opentest4j\1.3.0\opentest4j-1.3.0.jar;C:\Users\ixsaa\.m2\repository\org\junit\platform\junit-platform-commons\1.10.5\junit-platform-commons-1.10.5.jar;C:\Users\ixsaa\.m2\repository\org\apiguardian\apiguardian-api\1.1.2\apiguardian-api-1.1.2.jar;C:\Users\ixsaa\.m2\repository\org\junit\jupiter\junit-jupiter-params\5.10.5\junit-jupiter-params-5.10.5.jar;C:\Users\ixsaa\.m2\repository\org\junit\jupiter\junit-jupiter-engine\5.10.5\junit-jupiter-engine-5.10.5.jar;C:\Users\ixsaa\.m2\repository\org\junit\platform\junit-platform-engine\1.10.5\junit-platform-engine-1.10.5.jar;C:\Users\ixsaa\.m2\repository\org\mockito\mockito-core\5.11.0\mockito-core-5.11.0.jar;C:\Users\ixsaa\.m2\repository\net\bytebuddy\byte-buddy-agent\1.14.19\byte-buddy-agent-1.14.19.jar;C:\Users\ixsaa\.m2\repository\org\objenesis\objenesis\3.3\objenesis-3.3.jar;C:\Users\ixsaa\.m2\repository\org\mockito\mockito-junit-jupiter\5.11.0\mockito-junit-jupiter-5.11.0.jar;C:\Users\ixsaa\.m2\repository\org\skyscreamer\jsonassert\1.5.3\jsonassert-1.5.3.jar;C:\Users\ixsaa\.m2\repository\com\vaadin\external\google\android-json\0.0.20131108.vaadin1\android-json-0.0.20131108.vaadin1.jar;C:\Users\ixsaa\.m2\repository\org\springframework\spring-core\6.1.14\spring-core-6.1.14.jar;C:\Users\ixsaa\.m2\repository\org\springframework\spring-jcl\6.1.14\spring-jcl-6.1.14.jar;C:\Users\ixsaa\.m2\repository\org\springframework\spring-test\6.1.14\spring-test-6.1.14.jar;C:\Users\ixsaa\.m2\repository\org\xmlunit\xmlunit-core\2.9.1\xmlunit-core-2.9.1.jar;"/>
    <property name="java.vm.vendor" value="Oracle Corporation"/>
    <property name="sun.arch.data.model" value="64"/>
    <property name="user.variant" value=""/>
    <property name="java.vendor.url" value="https://java.oracle.com/"/>
    <property name="user.timezone" value="Asia/Calcutta"/>
    <property name="os.name" value="Windows 11"/>
    <property name="java.vm.specification.version" value="21"/>
    <property name="sun.java.launcher" value="SUN_STANDARD"/>
    <property name="user.country" value="IN"/>
    <property name="sun.boot.library.path" value="C:\Program Files\Java\jdk-21\bin"/>
    <property name="sun.java.command" value="C:\Users\ixsaa\AppData\Local\Temp\surefire611710889064047917\surefirebooter-20241107164743763_3.jar C:\Users\ixsaa\AppData\Local\Temp\surefire611710889064047917 2024-11-07T16-47-43_636-jvmRun1 surefire-20241107164743763_1tmp surefire_0-20241107164743763_2tmp"/>
    <property name="jdk.debug" value="release"/>
    <property name="surefire.test.class.path" value="C:\Users\ixsaa\IdeaProjects\BEJ_C2_S2_REST_API_MONGODB_PC_1\C2_S2_Practice\target\test-classes;C:\Users\ixsaa\IdeaProjects\BEJ_C2_S2_REST_API_MONGODB_PC_1\C2_S2_Practice\target\classes;C:\Users\ixsaa\.m2\repository\org\springframework\boot\spring-boot-starter-data-mongodb\3.3.5\spring-boot-starter-data-mongodb-3.3.5.jar;C:\Users\ixsaa\.m2\repository\org\springframework\boot\spring-boot-starter\3.3.5\spring-boot-starter-3.3.5.jar;C:\Users\ixsaa\.m2\repository\org\springframework\boot\spring-boot\3.3.5\spring-boot-3.3.5.jar;C:\Users\ixsaa\.m2\repository\org\springframework\boot\spring-boot-autoconfigure\3.3.5\spring-boot-autoconfigure-3.3.5.jar;C:\Users\ixsaa\.m2\repository\org\springframework\boot\spring-boot-starter-logging\3.3.5\spring-boot-starter-logging-3.3.5.jar;C:\Users\ixsaa\.m2\repository\ch\qos\logback\logback-classic\1.5.11\logback-classic-1.5.11.jar;C:\Users\ixsaa\.m2\repository\ch\qos\logback\logback-core\1.5.11\logback-core-1.5.11.jar;C:\Users\ixsaa\.m2\repository\org\apache\logging\log4j\log4j-to-slf4j\2.23.1\log4j-to-slf4j-2.23.1.jar;C:\Users\ixsaa\.m2\repository\org\apache\logging\log4j\log4j-api\2.23.1\log4j-api-2.23.1.jar;C:\Users\ixsaa\.m2\repository\org\slf4j\jul-to-slf4j\2.0.16\jul-to-slf4j-2.0.16.jar;C:\Users\ixsaa\.m2\repository\jakarta\annotation\jakarta.annotation-api\2.1.1\jakarta.annotation-api-2.1.1.jar;C:\Users\ixsaa\.m2\repository\org\yaml\snakeyaml\2.2\snakeyaml-2.2.jar;C:\Users\ixsaa\.m2\repository\org\mongodb\mongodb-driver-sync\5.0.1\mongodb-driver-sync-5.0.1.jar;C:\Users\ixsaa\.m2\repository\org\mongodb\bson\5.0.1\bson-5.0.1.jar;C:\Users\ixsaa\.m2\repository\org\mongodb\mongodb-driver-core\5.0.1\mongodb-driver-core-5.0.1.jar;C:\Users\ixsaa\.m2\repository\org\mongodb\bson-record-codec\5.0.1\bson-record-codec-5.0.1.jar;C:\Users\ixsaa\.m2\repository\org\springframework\data\spring-data-mongodb\4.3.5\spring-data-mongodb-4.3.5.jar;C:\Users\ixsaa\.m2\repository\org\springframework\spring-tx\6.1.14\spring-tx-6.1.14.jar;C:\Users\ixsaa\.m2\repository\org\springframework\spring-context\6.1.14\spring-context-6.1.14.jar;C:\Users\ixsaa\.m2\repository\org\springframework\spring-beans\6.1.14\spring-beans-6.1.14.jar;C:\Users\ixsaa\.m2\repository\org\springframework\spring-expression\6.1.14\spring-expression-6.1.14.jar;C:\Users\ixsaa\.m2\repository\org\springframework\data\spring-data-commons\3.3.5\spring-data-commons-3.3.5.jar;C:\Users\ixsaa\.m2\repository\org\slf4j\slf4j-api\2.0.16\slf4j-api-2.0.16.jar;C:\Users\ixsaa\.m2\repository\org\springframework\boot\spring-boot-starter-web\3.3.5\spring-boot-starter-web-3.3.5.jar;C:\Users\ixsaa\.m2\repository\org\springframework\boot\spring-boot-starter-json\3.3.5\spring-boot-starter-json-3.3.5.jar;C:\Users\ixsaa\.m2\repository\com\fasterxml\jackson\core\jackson-databind\2.17.2\jackson-databind-2.17.2.jar;C:\Users\ixsaa\.m2\repository\com\fasterxml\jackson\core\jackson-annotations\2.17.2\jackson-annotations-2.17.2.jar;C:\Users\ixsaa\.m2\repository\com\fasterxml\jackson\core\jackson-core\2.17.2\jackson-core-2.17.2.jar;C:\Users\ixsaa\.m2\repository\com\fasterxml\jackson\datatype\jackson-datatype-jdk8\2.17.2\jackson-datatype-jdk8-2.17.2.jar;C:\Users\ixsaa\.m2\repository\com\fasterxml\jackson\datatype\jackson-datatype-jsr310\2.17.2\jackson-datatype-jsr310-2.17.2.jar;C:\Users\ixsaa\.m2\repository\com\fasterxml\jackson\module\jackson-module-parameter-names\2.17.2\jackson-module-parameter-names-2.17.2.jar;C:\Users\ixsaa\.m2\repository\org\springframework\boot\spring-boot-starter-tomcat\3.3.5\spring-boot-starter-tomcat-3.3.5.jar;C:\Users\ixsaa\.m2\repository\org\apache\tomcat\embed\tomcat-embed-core\10.1.31\tomcat-embed-core-10.1.31.jar;C:\Users\ixsaa\.m2\repository\org\apache\tomcat\embed\tomcat-embed-el\10.1.31\tomcat-embed-el-10.1.31.jar;C:\Users\ixsaa\.m2\repository\org\apache\tomcat\embed\tomcat-embed-websocket\10.1.31\tomcat-embed-websocket-10.1.31.jar;C:\Users\ixsaa\.m2\repository\org\springframework\spring-web\6.1.14\spring-web-6.1.14.jar;C:\Users\ixsaa\.m2\repository\io\micrometer\micrometer-observation\1.13.6\micrometer-observation-1.13.6.jar;C:\Users\ixsaa\.m2\repository\io\micrometer\micrometer-commons\1.13.6\micrometer-commons-1.13.6.jar;C:\Users\ixsaa\.m2\repository\org\springframework\spring-webmvc\6.1.14\spring-webmvc-6.1.14.jar;C:\Users\ixsaa\.m2\repository\org\springframework\spring-aop\6.1.14\spring-aop-6.1.14.jar;C:\Users\ixsaa\.m2\repository\org\springframework\boot\spring-boot-starter-test\3.3.5\spring-boot-starter-test-3.3.5.jar;C:\Users\ixsaa\.m2\repository\org\springframework\boot\spring-boot-test\3.3.5\spring-boot-test-3.3.5.jar;C:\Users\ixsaa\.m2\repository\org\springframework\boot\spring-boot-test-autoconfigure\3.3.5\spring-boot-test-autoconfigure-3.3.5.jar;C:\Users\ixsaa\.m2\repository\com\jayway\jsonpath\json-path\2.9.0\json-path-2.9.0.jar;C:\Users\ixsaa\.m2\repository\jakarta\xml\bind\jakarta.xml.bind-api\4.0.2\jakarta.xml.bind-api-4.0.2.jar;C:\Users\ixsaa\.m2\repository\jakarta\activation\jakarta.activation-api\2.1.3\jakarta.activation-api-2.1.3.jar;C:\Users\ixsaa\.m2\repository\net\minidev\json-smart\2.5.1\json-smart-2.5.1.jar;C:\Users\ixsaa\.m2\repository\net\minidev\accessors-smart\2.5.1\accessors-smart-2.5.1.jar;C:\Users\ixsaa\.m2\repository\org\ow2\asm\asm\9.6\asm-9.6.jar;C:\Users\ixsaa\.m2\repository\org\assertj\assertj-core\3.25.3\assertj-core-3.25.3.jar;C:\Users\ixsaa\.m2\repository\net\bytebuddy\byte-buddy\1.14.19\byte-buddy-1.14.19.jar;C:\Users\ixsaa\.m2\repository\org\awaitility\awaitility\4.2.2\awaitility-4.2.2.jar;C:\Users\ixsaa\.m2\repository\org\hamcrest\hamcrest\2.2\hamcrest-2.2.jar;C:\Users\ixsaa\.m2\repository\org\junit\jupiter\junit-jupiter\5.10.5\junit-jupiter-5.10.5.jar;C:\Users\ixsaa\.m2\repository\org\junit\jupiter\junit-jupiter-api\5.10.5\junit-jupiter-api-5.10.5.jar;C:\Users\ixsaa\.m2\repository\org\opentest4j\opentest4j\1.3.0\opentest4j-1.3.0.jar;C:\Users\ixsaa\.m2\repository\org\junit\platform\junit-platform-commons\1.10.5\junit-platform-commons-1.10.5.jar;C:\Users\ixsaa\.m2\repository\org\apiguardian\apiguardian-api\1.1.2\apiguardian-api-1.1.2.jar;C:\Users\ixsaa\.m2\repository\org\junit\jupiter\junit-jupiter-params\5.10.5\junit-jupiter-params-5.10.5.jar;C:\Users\ixsaa\.m2\repository\org\junit\jupiter\junit-jupiter-engine\5.10.5\junit-jupiter-engine-5.10.5.jar;C:\Users\ixsaa\.m2\repository\org\junit\platform\junit-platform-engine\1.10.5\junit-platform-engine-1.10.5.jar;C:\Users\ixsaa\.m2\repository\org\mockito\mockito-core\5.11.0\mockito-core-5.11.0.jar;C:\Users\ixsaa\.m2\repository\net\bytebuddy\byte-buddy-agent\1.14.19\byte-buddy-agent-1.14.19.jar;C:\Users\ixsaa\.m2\repository\org\objenesis\objenesis\3.3\objenesis-3.3.jar;C:\Users\ixsaa\.m2\repository\org\mockito\mockito-junit-jupiter\5.11.0\mockito-junit-jupiter-5.11.0.jar;C:\Users\ixsaa\.m2\repository\org\skyscreamer\jsonassert\1.5.3\jsonassert-1.5.3.jar;C:\Users\ixsaa\.m2\repository\com\vaadin\external\google\android-json\0.0.20131108.vaadin1\android-json-0.0.20131108.vaadin1.jar;C:\Users\ixsaa\.m2\repository\org\springframework\spring-core\6.1.14\spring-core-6.1.14.jar;C:\Users\ixsaa\.m2\repository\org\springframework\spring-jcl\6.1.14\spring-jcl-6.1.14.jar;C:\Users\ixsaa\.m2\repository\org\springframework\spring-test\6.1.14\spring-test-6.1.14.jar;C:\Users\ixsaa\.m2\repository\org\xmlunit\xmlunit-core\2.9.1\xmlunit-core-2.9.1.jar;"/>
    <property name="sun.cpu.endian" value="little"/>
    <property name="user.home" value="C:\Users\ixsaa"/>
    <property name="user.language" value="en"/>
    <property name="java.specification.vendor" value="Oracle Corporation"/>
    <property name="java.version.date" value="2023-10-17"/>
    <property name="java.home" value="C:\Program Files\Java\jdk-21"/>
    <property name="file.separator" value="\"/>
    <property name="basedir" value="C:\Users\ixsaa\IdeaProjects\BEJ_C2_S2_REST_API_MONGODB_PC_1\C2_S2_Practice"/>
    <property name="java.vm.compressedOopsMode" value="Zero based"/>
    <property name="line.separator" value="&#10;"/>
    <property name="java.vm.specification.vendor" value="Oracle Corporation"/>
    <property name="java.specification.name" value="Java Platform API Specification"/>
    <property name="FILE_LOG_CHARSET" value="UTF-8"/>
    <property name="java.awt.headless" value="true"/>
    <property name="surefire.real.class.path" value="C:\Users\ixsaa\AppData\Local\Temp\surefire611710889064047917\surefirebooter-20241107164743763_3.jar"/>
    <property name="user.script" value=""/>
    <property name="sun.management.compiler" value="HotSpot 64-Bit Tiered Compilers"/>
    <property name="java.runtime.version" value="21.0.1+12-LTS-29"/>
    <property name="user.name" value="ixsaa"/>
    <property name="stdout.encoding" value="Cp1252"/>
    <property name="path.separator" value=";"/>
    <property name="os.version" value="10.0"/>
    <property name="java.runtime.name" value="Java(TM) SE Runtime Environment"/>
    <property name="file.encoding" value="UTF-8"/>
    <property name="java.vm.name" value="Java HotSpot(TM) 64-Bit Server VM"/>
    <property name="localRepository" value="C:\Users\ixsaa\.m2\repository"/>
    <property name="java.vendor.url.bug" value="https://bugreport.java.com/bugreport/"/>
    <property name="java.io.tmpdir" value="C:\Users\ixsaa\AppData\Local\Temp\"/>
    <property name="java.version" value="21.0.1"/>
    <property name="user.dir" value="C:\Users\ixsaa\IdeaProjects\BEJ_C2_S2_REST_API_MONGODB_PC_1\C2_S2_Practice"/>
    <property name="os.arch" value="amd64"/>
    <property name="java.vm.specification.name" value="Java Virtual Machine Specification"/>
    <property name="PID" value="31828"/>
    <property name="sun.os.patch.level" value=""/>
    <property name="CONSOLE_LOG_CHARSET" value="UTF-8"/>
    <property name="native.encoding" value="Cp1252"/>
    <property name="java.library.path" value="C:\Program Files\Java\jdk-21\bin;C:\WINDOWS\Sun\Java\bin;C:\WINDOWS\system32;C:\WINDOWS;C:\Program Files (x86)\Common Files\Intel\Shared Libraries\redist\intel64\compiler;C:\Program Files\Java\jdk-21\bin;C:\Program Files\nodejs\;C:\Program Files\dotnet\;C:\Program Files\Git\cmd;C:\WINDOWS\system32;C:\WINDOWS;C:\WINDOWS\System32\Wbem;C:\WINDOWS\System32\WindowsPowerShell\v1.0\;C:\WINDOWS\System32\OpenSSH\;C:\Program Files\CMake\bin;C:\Program Files\Apache\maven\apache-maven-3.9.9\bin;C:\Program Files\Docker\Docker\resources\bin;C:\Program Files\mongosh-2.3.3-win32-x64\bin;C:\Program Files\MySQL\MySQL Shell 8.0\bin\;C:\Users\ixsaa\AppData\Local\Programs\Python\Python312\Scripts\;C:\Users\ixsaa\AppData\Local\Programs\Python\Python312\;C:\Users\ixsaa\AppData\Local\Programs\Python\Launcher\;C:\Program Files\Java\jdk-21\bin;C:\Users\ixsaa\AppData\Local\Programs\Microsoft VS Code\bin;C:\Users\ixsaa\AppData\Roaming\npm;C:\xampp\php\;C:\Users\ixsaa\AppData\Local\spicetify;C:\Windows\System32;C:\Users\ixsaa\AppData\Local\Microsoft\WindowsApps;C:\Program Files\JetBrains\IntelliJ IDEA Community Edition 2024.2.1\bin;;C:\Users\ixsaa\AppData\Local\GitHubDesktop\bin;."/>
    <property name="java.vm.info" value="mixed mode, sharing"/>
    <property name="stderr.encoding" value="Cp1252"/>
    <property name="java.vendor" value="Oracle Corporation"/>
    <property name="java.vm.version" value="21.0.1+12-LTS-29"/>
    <property name="sun.io.unicode.encoding" value="UnicodeLittle"/>
    <property name="java.class.version" value="65.0"/>
    <property name="LOGGED_APPLICATION_NAME" value="[restdemoApplication] "/>
  </properties>
  <testcase name="testFindByIdSuccess" classname="com.example.jap.CustomerRepositoryTest" time="0.925">
    <system-out><![CDATA[16:47:44.545 [main] INFO org.springframework.test.context.support.AnnotationConfigContextLoaderUtils -- Could not detect default configuration classes for test class [com.example.jap.CustomerRepositoryTest]: CustomerRepositoryTest does not declare any static, non-private, non-final, nested classes annotated with @Configuration.
16:47:44.676 [main] INFO org.springframework.boot.test.context.SpringBootTestContextBootstrapper -- Found @SpringBootConfiguration com.example.jap.RestdemoApplication for test class com.example.jap.CustomerRepositoryTest

  .   ____          _            __ _ _
 /\\ / ___'_ __ _ _(_)_ __  __ _ \ \ \ \
( ( )\___ | '_ | '_| | '_ \/ _` | \ \ \ \
 \\/  ___)| |_)| | | | | || (_| |  ) ) ) )
  '  |____| .__|_| |_|_| |_\__, | / / / /
 =========|_|==============|___/=/_/_/_/

 :: Spring Boot ::                (v3.3.5)

2024-11-07T16:47:45.056+05:30  INFO 31828 --- [restdemoApplication] [           main] com.example.jap.CustomerRepositoryTest   : Starting CustomerRepositoryTest using Java 21.0.1 with PID 31828 (started by ixsaa in C:\Users\ixsaa\IdeaProjects\BEJ_C2_S2_REST_API_MONGODB_PC_1\C2_S2_Practice)
2024-11-07T16:47:45.057+05:30  INFO 31828 --- [restdemoApplication] [           main] com.example.jap.CustomerRepositoryTest   : No active profile set, falling back to 1 default profile: "default"
2024-11-07T16:47:45.307+05:30  INFO 31828 --- [restdemoApplication] [           main] .s.d.r.c.RepositoryConfigurationDelegate : Bootstrapping Spring Data MongoDB repositories in DEFAULT mode.
2024-11-07T16:47:45.357+05:30  INFO 31828 --- [restdemoApplication] [           main] .s.d.r.c.RepositoryConfigurationDelegate : Finished Spring Data repository scanning in 45 ms. Found 1 MongoDB repository interface.
2024-11-07T16:47:45.619+05:30 DEBUG 31828 --- [restdemoApplication] [           main] org.mongodb.driver.connection            : Connection pool created for localhost:27017 using options maxIdleTimeMS=0, minPoolSize=0, maxPoolSize=100, maxConnecting=2, waitQueueTimeoutMS=120000
2024-11-07T16:47:45.627+05:30 DEBUG 31828 --- [restdemoApplication] [           main] org.mongodb.driver.cluster               : Updating cluster description to  {type=UNKNOWN, servers=[{address=localhost:27017, type=UNKNOWN, state=CONNECTING}]
2024-11-07T16:47:45.644+05:30  INFO 31828 --- [restdemoApplication] [           main] org.mongodb.driver.client                : MongoClient with metadata {"driver": {"name": "mongo-java-driver|sync|spring-boot", "version": "5.0.1"}, "os": {"type": "Windows", "name": "Windows 11", "architecture": "amd64", "version": "10.0"}, "platform": "Java/Oracle Corporation/21.0.1+12-LTS-29"} created with settings MongoClientSettings{readPreference=primary, writeConcern=WriteConcern{w=null, wTimeout=null ms, journal=null}, retryWrites=true, retryReads=true, readConcern=ReadConcern{level=null}, credential=null, transportSettings=null, commandListeners=[], codecRegistry=ProvidersCodecRegistry{codecProviders=[ValueCodecProvider{}, BsonValueCodecProvider{}, DBRefCodecProvider{}, DBObjectCodecProvider{}, DocumentCodecProvider{}, CollectionCodecProvider{}, IterableCodecProvider{}, MapCodecProvider{}, GeoJsonCodecProvider{}, GridFSFileCodecProvider{}, Jsr310CodecProvider{}, JsonObjectCodecProvider{}, BsonCodecProvider{}, EnumCodecProvider{}, com.mongodb.client.model.mql.ExpressionCodecProvider@350d3f4d, com.mongodb.Jep395RecordCodecProvider@18b8d173, com.mongodb.KotlinCodecProvider@73844119]}, loggerSettings=LoggerSettings{maxDocumentLength=1000}, clusterSettings={hosts=[localhost:27017], srvServiceName=mongodb, mode=SINGLE, requiredClusterType=UNKNOWN, requiredReplicaSetName='null', serverSelector='null', clusterListeners='[]', serverSelectionTimeout='30000 ms', localThreshold='15 ms'}, socketSettings=SocketSettings{connectTimeoutMS=10000, readTimeoutMS=0, receiveBufferSize=0, proxySettings=ProxySettings{host=null, port=null, username=null, password=null}}, heartbeatSocketSettings=SocketSettings{connectTimeoutMS=10000, readTimeoutMS=10000, receiveBufferSize=0, proxySettings=ProxySettings{host=null, port=null, username=null, password=null}}, connectionPoolSettings=ConnectionPoolSettings{maxSize=100, minSize=0, maxWaitTimeMS=120000, maxConnectionLifeTimeMS=0, maxConnectionIdleTimeMS=0, maintenanceInitialDelayMS=0, maintenanceFrequencyMS=60000, connectionPoolListeners=[], maxConnecting=2}, serverSettings=ServerSettings{heartbeatFrequencyMS=10000, minHeartbeatFrequencyMS=500, serverListeners='[]', serverMonitorListeners='[]'}, sslSettings=SslSettings{enabled=false, invalidHostNameAllowed=false, context=null}, applicationName='null', compressorList=[], uuidRepresentation=JAVA_LEGACY, serverApi=null, autoEncryptionSettings=null, dnsClient=null, inetAddressResolver=null, contextProvider=null}
2024-11-07T16:47:45.666+05:30  INFO 31828 --- [restdemoApplication] [localhost:27017] org.mongodb.driver.cluster               : Monitor thread successfully connected to server with description ServerDescription{address=localhost:27017, type=STANDALONE, state=CONNECTED, ok=true, minWireVersion=0, maxWireVersion=25, maxDocumentSize=16777216, logicalSessionTimeoutMinutes=30, roundTripTimeNanos=18252200}
2024-11-07T16:47:45.668+05:30 DEBUG 31828 --- [restdemoApplication] [localhost:27017] org.mongodb.driver.connection            : Connection pool ready for localhost:27017
2024-11-07T16:47:45.671+05:30 DEBUG 31828 --- [restdemoApplication] [localhost:27017] org.mongodb.driver.cluster               : Updating cluster description to  {type=STANDALONE, servers=[{address=localhost:27017, type=STANDALONE, roundTripTime=18.3 ms, state=CONNECTED}]
2024-11-07T16:47:45.671+05:30 DEBUG 31828 --- [restdemoApplication] [localhost:27017] org.mongodb.driver.cluster               : Checking status of localhost:27017
2024-11-07T16:47:45.967+05:30  INFO 31828 --- [restdemoApplication] [           main] com.example.jap.CustomerRepositoryTest   : Started CustomerRepositoryTest in 1.22 seconds (process running for 2.106)
2024-11-07T16:47:46.762+05:30 DEBUG 31828 --- [restdemoApplication] [           main] o.s.data.mongodb.core.MongoTemplate      : Saving Document containing fields: [_id, customerName, customerPhoneNo, customerProduct, _class]
2024-11-07T16:47:46.785+05:30 DEBUG 31828 --- [restdemoApplication] [           main] org.mongodb.driver.cluster               : Server selection started for operation with ID 3. Selector: WritableServerSelector, topology description: {type=STANDALONE, servers=[{address=localhost:27017, type=STANDALONE, roundTripTime=18.3 ms, state=CONNECTED}]
2024-11-07T16:47:46.787+05:30 DEBUG 31828 --- [restdemoApplication] [           main] org.mongodb.driver.cluster               : Server selection succeeded for operation with ID 3. Selected server: localhost:27017. Selector: WritableServerSelector, topology description: {type=STANDALONE, servers=[{address=localhost:27017, type=STANDALONE, roundTripTime=18.3 ms, state=CONNECTED}]
2024-11-07T16:47:46.788+05:30 DEBUG 31828 --- [restdemoApplication] [           main] org.mongodb.driver.connection            : Checkout started for connection to localhost:27017
2024-11-07T16:47:46.791+05:30 DEBUG 31828 --- [restdemoApplication] [           main] org.mongodb.driver.connection            : Connection created: address=localhost:27017, driver-generated ID=3
2024-11-07T16:47:46.794+05:30 DEBUG 31828 --- [restdemoApplication] [           main] org.mongodb.driver.connection            : Connection ready: address=localhost:27017, driver-generated ID=3, established in=2 ms
2024-11-07T16:47:46.795+05:30 DEBUG 31828 --- [restdemoApplication] [           main] org.mongodb.driver.connection            : Connection checked out: address=localhost:27017, driver-generated ID=3, duration=6 ms
2024-11-07T16:47:46.796+05:30 DEBUG 31828 --- [restdemoApplication] [           main] org.mongodb.driver.operation             : retryWrites set to true but the server is a standalone server.
2024-11-07T16:47:46.798+05:30 DEBUG 31828 --- [restdemoApplication] [           main] org.mongodb.driver.operation             : retryWrites set to true but the server is a standalone server.
2024-11-07T16:47:46.820+05:30 DEBUG 31828 --- [restdemoApplication] [           main] org.mongodb.driver.protocol.command      : Command "update" started on database "electronics_store" using a connection with driver-generated ID 3 and server-generated ID 69 to localhost:27017. The request ID is 5 and the operation ID is 3. Command: {"update": "customers", "ordered": true, "$db": "electronics_store", "lsid": {"id": {"$binary": {"base64": "EG3nt2AiTreZRhm5uU7a7w==", "subType": "04"}}}, "updates": [{"q": {"_id": "C001"}, "u": {"_id": "C001", "customerName": "John Doe", "customerPhoneNo": "1234567890", "customerProduct": {"productId": "P001", "productName": "Laptop", "productDescription": "Gaming Laptop"}, "_class": "com.example.jap.Customer"}, "upsert": true}]}
2024-11-07T16:47:46.824+05:30 DEBUG 31828 --- [restdemoApplication] [           main] org.mongodb.driver.protocol.command      : Command "update" succeeded on database "electronics_store" in 10.948 ms using a connection with driver-generated ID 3 and server-generated ID 69 to localhost:27017. The request ID is 5 and the operation ID is 3. Command reply: {"n": 1, "upserted": [{"index": 0, "_id": "C001"}], "nModified": 0, "ok": 1.0}
2024-11-07T16:47:46.826+05:30 DEBUG 31828 --- [restdemoApplication] [           main] org.mongodb.driver.connection            : Connection checked in: address=localhost:27017, driver-generated ID=3
2024-11-07T16:47:46.840+05:30 DEBUG 31828 --- [restdemoApplication] [           main] o.s.data.mongodb.core.MongoTemplate      : findOne using query: { "customerId" : "C001"} fields: Document{{}} for class: class com.example.jap.Customer in collection: customers
2024-11-07T16:47:46.849+05:30 DEBUG 31828 --- [restdemoApplication] [           main] org.mongodb.driver.cluster               : Server selection started for operation with ID 5. Selector: ReadPreferenceServerSelector{readPreference=primary}, topology description: {type=STANDALONE, servers=[{address=localhost:27017, type=STANDALONE, roundTripTime=18.3 ms, state=CONNECTED}]
2024-11-07T16:47:46.849+05:30 DEBUG 31828 --- [restdemoApplication] [           main] org.mongodb.driver.cluster               : Server selection succeeded for operation with ID 5. Selected server: localhost:27017. Selector: ReadPreferenceServerSelector{readPreference=primary}, topology description: {type=STANDALONE, servers=[{address=localhost:27017, type=STANDALONE, roundTripTime=18.3 ms, state=CONNECTED}]
2024-11-07T16:47:46.849+05:30 DEBUG 31828 --- [restdemoApplication] [           main] org.mongodb.driver.connection            : Checkout started for connection to localhost:27017
2024-11-07T16:47:46.849+05:30 DEBUG 31828 --- [restdemoApplication] [           main] org.mongodb.driver.connection            : Connection checked out: address=localhost:27017, driver-generated ID=3, duration=0 ms
2024-11-07T16:47:46.853+05:30 DEBUG 31828 --- [restdemoApplication] [           main] org.mongodb.driver.protocol.command      : Command "find" started on database "electronics_store" using a connection with driver-generated ID 3 and server-generated ID 69 to localhost:27017. The request ID is 6 and the operation ID is 5. Command: {"find": "customers", "filter": {"_id": "C001"}, "limit": 1, "singleBatch": true, "$db": "electronics_store", "lsid": {"id": {"$binary": {"base64": "EG3nt2AiTreZRhm5uU7a7w==", "subType": "04"}}}}
2024-11-07T16:47:46.856+05:30 DEBUG 31828 --- [restdemoApplication] [           main] org.mongodb.driver.protocol.command      : Command "find" succeeded on database "electronics_store" in 2.588 ms using a connection with driver-generated ID 3 and server-generated ID 69 to localhost:27017. The request ID is 6 and the operation ID is 5. Command reply: {"cursor": {"firstBatch": [{"_id": "C001", "customerName": "John Doe", "customerPhoneNo": "1234567890", "customerProduct": {"productId": "P001", "productName": "Laptop", "productDescription": "Gaming Laptop"}, "_class": "com.example.jap.Customer"}], "id": 0, "ns": "electronics_store.customers"}, "ok": 1.0}
2024-11-07T16:47:46.858+05:30 DEBUG 31828 --- [restdemoApplication] [           main] org.mongodb.driver.operation             : Received batch of 1 documents with cursorId 0 from server localhost:27017
2024-11-07T16:47:46.860+05:30 DEBUG 31828 --- [restdemoApplication] [           main] org.mongodb.driver.connection            : Connection checked in: address=localhost:27017, driver-generated ID=3
2024-11-07T16:47:46.881+05:30 DEBUG 31828 --- [restdemoApplication] [           main] o.s.data.mongodb.core.MongoTemplate      : Remove using query: {} in collection: customers.
2024-11-07T16:47:46.883+05:30 DEBUG 31828 --- [restdemoApplication] [           main] org.mongodb.driver.cluster               : Server selection started for operation with ID 6. Selector: WritableServerSelector, topology description: {type=STANDALONE, servers=[{address=localhost:27017, type=STANDALONE, roundTripTime=18.3 ms, state=CONNECTED}]
2024-11-07T16:47:46.884+05:30 DEBUG 31828 --- [restdemoApplication] [           main] org.mongodb.driver.cluster               : Server selection succeeded for operation with ID 6. Selected server: localhost:27017. Selector: WritableServerSelector, topology description: {type=STANDALONE, servers=[{address=localhost:27017, type=STANDALONE, roundTripTime=18.3 ms, state=CONNECTED}]
2024-11-07T16:47:46.884+05:30 DEBUG 31828 --- [restdemoApplication] [           main] org.mongodb.driver.connection            : Checkout started for connection to localhost:27017
2024-11-07T16:47:46.884+05:30 DEBUG 31828 --- [restdemoApplication] [           main] org.mongodb.driver.connection            : Connection checked out: address=localhost:27017, driver-generated ID=3, duration=0 ms
2024-11-07T16:47:46.884+05:30 DEBUG 31828 --- [restdemoApplication] [           main] org.mongodb.driver.operation             : retryWrites set to true but the server is a standalone server.
2024-11-07T16:47:46.884+05:30 DEBUG 31828 --- [restdemoApplication] [           main] org.mongodb.driver.operation             : retryWrites set to true but the server is a standalone server.
2024-11-07T16:47:46.885+05:30 DEBUG 31828 --- [restdemoApplication] [           main] org.mongodb.driver.protocol.command      : Command "delete" started on database "electronics_store" using a connection with driver-generated ID 3 and server-generated ID 69 to localhost:27017. The request ID is 7 and the operation ID is 6. Command: {"delete": "customers", "ordered": true, "$db": "electronics_store", "lsid": {"id": {"$binary": {"base64": "EG3nt2AiTreZRhm5uU7a7w==", "subType": "04"}}}, "deletes": [{"q": {}, "limit": 0}]}
2024-11-07T16:47:46.888+05:30 DEBUG 31828 --- [restdemoApplication] [           main] org.mongodb.driver.protocol.command      : Command "delete" succeeded on database "electronics_store" in 2.8131 ms using a connection with driver-generated ID 3 and server-generated ID 69 to localhost:27017. The request ID is 7 and the operation ID is 6. Command reply: {"n": 6, "ok": 1.0}
2024-11-07T16:47:46.888+05:30 DEBUG 31828 --- [restdemoApplication] [           main] org.mongodb.driver.connection            : Connection checked in: address=localhost:27017, driver-generated ID=3
]]></system-out>
    <system-err><![CDATA[WARNING: A Java agent has been loaded dynamically (C:\Users\ixsaa\.m2\repository\net\bytebuddy\byte-buddy-agent\1.14.19\byte-buddy-agent-1.14.19.jar)
WARNING: If a serviceability tool is in use, please run with -XX:+EnableDynamicAgentLoading to hide this warning
WARNING: If a serviceability tool is not in use, please run with -Djdk.instrument.traceUsage for more information
WARNING: Dynamic loading of agents will be disallowed by default in a future release
]]></system-err>
  </testcase>
  <testcase name="testFindByIdFailure" classname="com.example.jap.CustomerRepositoryTest" time="0.021">
    <system-out><![CDATA[2024-11-07T16:47:46.904+05:30 DEBUG 31828 --- [restdemoApplication] [           main] o.s.data.mongodb.core.MongoTemplate      : Saving Document containing fields: [_id, customerName, customerPhoneNo, customerProduct, _class]
2024-11-07T16:47:46.905+05:30 DEBUG 31828 --- [restdemoApplication] [           main] org.mongodb.driver.cluster               : Server selection started for operation with ID 7. Selector: WritableServerSelector, topology description: {type=STANDALONE, servers=[{address=localhost:27017, type=STANDALONE, roundTripTime=18.3 ms, state=CONNECTED}]
2024-11-07T16:47:46.906+05:30 DEBUG 31828 --- [restdemoApplication] [           main] org.mongodb.driver.cluster               : Server selection succeeded for operation with ID 7. Selected server: localhost:27017. Selector: WritableServerSelector, topology description: {type=STANDALONE, servers=[{address=localhost:27017, type=STANDALONE, roundTripTime=18.3 ms, state=CONNECTED}]
2024-11-07T16:47:46.906+05:30 DEBUG 31828 --- [restdemoApplication] [           main] org.mongodb.driver.connection            : Checkout started for connection to localhost:27017
2024-11-07T16:47:46.906+05:30 DEBUG 31828 --- [restdemoApplication] [           main] org.mongodb.driver.connection            : Connection checked out: address=localhost:27017, driver-generated ID=3, duration=0 ms
2024-11-07T16:47:46.906+05:30 DEBUG 31828 --- [restdemoApplication] [           main] org.mongodb.driver.operation             : retryWrites set to true but the server is a standalone server.
2024-11-07T16:47:46.906+05:30 DEBUG 31828 --- [restdemoApplication] [           main] org.mongodb.driver.operation             : retryWrites set to true but the server is a standalone server.
2024-11-07T16:47:46.908+05:30 DEBUG 31828 --- [restdemoApplication] [           main] org.mongodb.driver.protocol.command      : Command "update" started on database "electronics_store" using a connection with driver-generated ID 3 and server-generated ID 69 to localhost:27017. The request ID is 8 and the operation ID is 7. Command: {"update": "customers", "ordered": true, "$db": "electronics_store", "lsid": {"id": {"$binary": {"base64": "EG3nt2AiTreZRhm5uU7a7w==", "subType": "04"}}}, "updates": [{"q": {"_id": "C001"}, "u": {"_id": "C001", "customerName": "John Doe", "customerPhoneNo": "1234567890", "customerProduct": {"productId": "P001", "productName": "Laptop", "productDescription": "Gaming Laptop"}, "_class": "com.example.jap.Customer"}, "upsert": true}]}
2024-11-07T16:47:46.910+05:30 DEBUG 31828 --- [restdemoApplication] [           main] org.mongodb.driver.protocol.command      : Command "update" succeeded on database "electronics_store" in 2.3398 ms using a connection with driver-generated ID 3 and server-generated ID 69 to localhost:27017. The request ID is 8 and the operation ID is 7. Command reply: {"n": 1, "upserted": [{"index": 0, "_id": "C001"}], "nModified": 0, "ok": 1.0}
2024-11-07T16:47:46.910+05:30 DEBUG 31828 --- [restdemoApplication] [           main] org.mongodb.driver.connection            : Connection checked in: address=localhost:27017, driver-generated ID=3
2024-11-07T16:47:46.912+05:30 DEBUG 31828 --- [restdemoApplication] [           main] o.s.data.mongodb.core.MongoTemplate      : findOne using query: { "customerId" : "InvalidId"} fields: Document{{}} for class: class com.example.jap.Customer in collection: customers
2024-11-07T16:47:46.912+05:30 DEBUG 31828 --- [restdemoApplication] [           main] org.mongodb.driver.cluster               : Server selection started for operation with ID 8. Selector: ReadPreferenceServerSelector{readPreference=primary}, topology description: {type=STANDALONE, servers=[{address=localhost:27017, type=STANDALONE, roundTripTime=18.3 ms, state=CONNECTED}]
2024-11-07T16:47:46.913+05:30 DEBUG 31828 --- [restdemoApplication] [           main] org.mongodb.driver.cluster               : Server selection succeeded for operation with ID 8. Selected server: localhost:27017. Selector: ReadPreferenceServerSelector{readPreference=primary}, topology description: {type=STANDALONE, servers=[{address=localhost:27017, type=STANDALONE, roundTripTime=18.3 ms, state=CONNECTED}]
2024-11-07T16:47:46.913+05:30 DEBUG 31828 --- [restdemoApplication] [           main] org.mongodb.driver.connection            : Checkout started for connection to localhost:27017
2024-11-07T16:47:46.913+05:30 DEBUG 31828 --- [restdemoApplication] [           main] org.mongodb.driver.connection            : Connection checked out: address=localhost:27017, driver-generated ID=3, duration=0 ms
2024-11-07T16:47:46.914+05:30 DEBUG 31828 --- [restdemoApplication] [           main] org.mongodb.driver.protocol.command      : Command "find" started on database "electronics_store" using a connection with driver-generated ID 3 and server-generated ID 69 to localhost:27017. The request ID is 9 and the operation ID is 8. Command: {"find": "customers", "filter": {"_id": "InvalidId"}, "limit": 1, "singleBatch": true, "$db": "electronics_store", "lsid": {"id": {"$binary": {"base64": "EG3nt2AiTreZRhm5uU7a7w==", "subType": "04"}}}}
2024-11-07T16:47:46.915+05:30 DEBUG 31828 --- [restdemoApplication] [           main] org.mongodb.driver.protocol.command      : Command "find" succeeded on database "electronics_store" in 1.2841 ms using a connection with driver-generated ID 3 and server-generated ID 69 to localhost:27017. The request ID is 9 and the operation ID is 8. Command reply: {"cursor": {"firstBatch": [], "id": 0, "ns": "electronics_store.customers"}, "ok": 1.0}
2024-11-07T16:47:46.915+05:30 DEBUG 31828 --- [restdemoApplication] [           main] org.mongodb.driver.operation             : Received batch of 0 documents with cursorId 0 from server localhost:27017
2024-11-07T16:47:46.915+05:30 DEBUG 31828 --- [restdemoApplication] [           main] org.mongodb.driver.connection            : Connection checked in: address=localhost:27017, driver-generated ID=3
2024-11-07T16:47:46.917+05:30 DEBUG 31828 --- [restdemoApplication] [           main] o.s.data.mongodb.core.MongoTemplate      : Remove using query: {} in collection: customers.
2024-11-07T16:47:46.918+05:30 DEBUG 31828 --- [restdemoApplication] [           main] org.mongodb.driver.cluster               : Server selection started for operation with ID 9. Selector: WritableServerSelector, topology description: {type=STANDALONE, servers=[{address=localhost:27017, type=STANDALONE, roundTripTime=18.3 ms, state=CONNECTED}]
2024-11-07T16:47:46.918+05:30 DEBUG 31828 --- [restdemoApplication] [           main] org.mongodb.driver.cluster               : Server selection succeeded for operation with ID 9. Selected server: localhost:27017. Selector: WritableServerSelector, topology description: {type=STANDALONE, servers=[{address=localhost:27017, type=STANDALONE, roundTripTime=18.3 ms, state=CONNECTED}]
2024-11-07T16:47:46.918+05:30 DEBUG 31828 --- [restdemoApplication] [           main] org.mongodb.driver.connection            : Checkout started for connection to localhost:27017
2024-11-07T16:47:46.918+05:30 DEBUG 31828 --- [restdemoApplication] [           main] org.mongodb.driver.connection            : Connection checked out: address=localhost:27017, driver-generated ID=3, duration=0 ms
2024-11-07T16:47:46.918+05:30 DEBUG 31828 --- [restdemoApplication] [           main] org.mongodb.driver.operation             : retryWrites set to true but the server is a standalone server.
2024-11-07T16:47:46.918+05:30 DEBUG 31828 --- [restdemoApplication] [           main] org.mongodb.driver.operation             : retryWrites set to true but the server is a standalone server.
2024-11-07T16:47:46.919+05:30 DEBUG 31828 --- [restdemoApplication] [           main] org.mongodb.driver.protocol.command      : Command "delete" started on database "electronics_store" using a connection with driver-generated ID 3 and server-generated ID 69 to localhost:27017. The request ID is 10 and the operation ID is 9. Command: {"delete": "customers", "ordered": true, "$db": "electronics_store", "lsid": {"id": {"$binary": {"base64": "EG3nt2AiTreZRhm5uU7a7w==", "subType": "04"}}}, "deletes": [{"q": {}, "limit": 0}]}
2024-11-07T16:47:46.920+05:30 DEBUG 31828 --- [restdemoApplication] [           main] org.mongodb.driver.protocol.command      : Command "delete" succeeded on database "electronics_store" in 1.4483 ms using a connection with driver-generated ID 3 and server-generated ID 69 to localhost:27017. The request ID is 10 and the operation ID is 9. Command reply: {"n": 1, "ok": 1.0}
2024-11-07T16:47:46.920+05:30 DEBUG 31828 --- [restdemoApplication] [           main] org.mongodb.driver.connection            : Connection checked in: address=localhost:27017, driver-generated ID=3
]]></system-out>
  </testcase>
  <testcase name="testSaveCustomerSuccess" classname="com.example.jap.CustomerRepositoryTest" time="0.019">
    <system-out><![CDATA[2024-11-07T16:47:46.926+05:30 DEBUG 31828 --- [restdemoApplication] [           main] o.s.data.mongodb.core.MongoTemplate      : Saving Document containing fields: [_id, customerName, customerPhoneNo, customerProduct, _class]
2024-11-07T16:47:46.927+05:30 DEBUG 31828 --- [restdemoApplication] [           main] org.mongodb.driver.cluster               : Server selection started for operation with ID 10. Selector: WritableServerSelector, topology description: {type=STANDALONE, servers=[{address=localhost:27017, type=STANDALONE, roundTripTime=18.3 ms, state=CONNECTED}]
2024-11-07T16:47:46.927+05:30 DEBUG 31828 --- [restdemoApplication] [           main] org.mongodb.driver.cluster               : Server selection succeeded for operation with ID 10. Selected server: localhost:27017. Selector: WritableServerSelector, topology description: {type=STANDALONE, servers=[{address=localhost:27017, type=STANDALONE, roundTripTime=18.3 ms, state=CONNECTED}]
2024-11-07T16:47:46.928+05:30 DEBUG 31828 --- [restdemoApplication] [           main] org.mongodb.driver.connection            : Checkout started for connection to localhost:27017
2024-11-07T16:47:46.928+05:30 DEBUG 31828 --- [restdemoApplication] [           main] org.mongodb.driver.connection            : Connection checked out: address=localhost:27017, driver-generated ID=3, duration=0 ms
2024-11-07T16:47:46.928+05:30 DEBUG 31828 --- [restdemoApplication] [           main] org.mongodb.driver.operation             : retryWrites set to true but the server is a standalone server.
2024-11-07T16:47:46.928+05:30 DEBUG 31828 --- [restdemoApplication] [           main] org.mongodb.driver.operation             : retryWrites set to true but the server is a standalone server.
2024-11-07T16:47:46.929+05:30 DEBUG 31828 --- [restdemoApplication] [           main] org.mongodb.driver.protocol.command      : Command "update" started on database "electronics_store" using a connection with driver-generated ID 3 and server-generated ID 69 to localhost:27017. The request ID is 11 and the operation ID is 10. Command: {"update": "customers", "ordered": true, "$db": "electronics_store", "lsid": {"id": {"$binary": {"base64": "EG3nt2AiTreZRhm5uU7a7w==", "subType": "04"}}}, "updates": [{"q": {"_id": "C001"}, "u": {"_id": "C001", "customerName": "John Doe", "customerPhoneNo": "1234567890", "customerProduct": {"productId": "P001", "productName": "Laptop", "productDescription": "Gaming Laptop"}, "_class": "com.example.jap.Customer"}, "upsert": true}]}
2024-11-07T16:47:46.931+05:30 DEBUG 31828 --- [restdemoApplication] [           main] org.mongodb.driver.protocol.command      : Command "update" succeeded on database "electronics_store" in 1.6919 ms using a connection with driver-generated ID 3 and server-generated ID 69 to localhost:27017. The request ID is 11 and the operation ID is 10. Command reply: {"n": 1, "upserted": [{"index": 0, "_id": "C001"}], "nModified": 0, "ok": 1.0}
2024-11-07T16:47:46.931+05:30 DEBUG 31828 --- [restdemoApplication] [           main] org.mongodb.driver.connection            : Connection checked in: address=localhost:27017, driver-generated ID=3
2024-11-07T16:47:46.932+05:30 DEBUG 31828 --- [restdemoApplication] [           main] o.s.data.mongodb.core.MongoTemplate      : Saving Document containing fields: [_id, customerName, customerPhoneNo, customerProduct, _class]
2024-11-07T16:47:46.933+05:30 DEBUG 31828 --- [restdemoApplication] [           main] org.mongodb.driver.cluster               : Server selection started for operation with ID 11. Selector: WritableServerSelector, topology description: {type=STANDALONE, servers=[{address=localhost:27017, type=STANDALONE, roundTripTime=18.3 ms, state=CONNECTED}]
2024-11-07T16:47:46.933+05:30 DEBUG 31828 --- [restdemoApplication] [           main] org.mongodb.driver.cluster               : Server selection succeeded for operation with ID 11. Selected server: localhost:27017. Selector: WritableServerSelector, topology description: {type=STANDALONE, servers=[{address=localhost:27017, type=STANDALONE, roundTripTime=18.3 ms, state=CONNECTED}]
2024-11-07T16:47:46.933+05:30 DEBUG 31828 --- [restdemoApplication] [           main] org.mongodb.driver.connection            : Checkout started for connection to localhost:27017
2024-11-07T16:47:46.933+05:30 DEBUG 31828 --- [restdemoApplication] [           main] org.mongodb.driver.connection            : Connection checked out: address=localhost:27017, driver-generated ID=3, duration=0 ms
2024-11-07T16:47:46.933+05:30 DEBUG 31828 --- [restdemoApplication] [           main] org.mongodb.driver.operation             : retryWrites set to true but the server is a standalone server.
2024-11-07T16:47:46.934+05:30 DEBUG 31828 --- [restdemoApplication] [           main] org.mongodb.driver.operation             : retryWrites set to true but the server is a standalone server.
2024-11-07T16:47:46.934+05:30 DEBUG 31828 --- [restdemoApplication] [           main] org.mongodb.driver.protocol.command      : Command "update" started on database "electronics_store" using a connection with driver-generated ID 3 and server-generated ID 69 to localhost:27017. The request ID is 12 and the operation ID is 11. Command: {"update": "customers", "ordered": true, "$db": "electronics_store", "lsid": {"id": {"$binary": {"base64": "EG3nt2AiTreZRhm5uU7a7w==", "subType": "04"}}}, "updates": [{"q": {"_id": "C002"}, "u": {"_id": "C002", "customerName": "Jane Doe", "customerPhoneNo": "0987654321", "customerProduct": {"productId": "P002", "productName": "Phone", "productDescription": "Smartphone"}, "_class": "com.example.jap.Customer"}, "upsert": true}]}
2024-11-07T16:47:46.936+05:30 DEBUG 31828 --- [restdemoApplication] [           main] org.mongodb.driver.protocol.command      : Command "update" succeeded on database "electronics_store" in 1.4685 ms using a connection with driver-generated ID 3 and server-generated ID 69 to localhost:27017. The request ID is 12 and the operation ID is 11. Command reply: {"n": 1, "upserted": [{"index": 0, "_id": "C002"}], "nModified": 0, "ok": 1.0}
2024-11-07T16:47:46.936+05:30 DEBUG 31828 --- [restdemoApplication] [           main] org.mongodb.driver.connection            : Connection checked in: address=localhost:27017, driver-generated ID=3
2024-11-07T16:47:46.938+05:30 DEBUG 31828 --- [restdemoApplication] [           main] o.s.data.mongodb.core.MongoTemplate      : Remove using query: {} in collection: customers.
2024-11-07T16:47:46.938+05:30 DEBUG 31828 --- [restdemoApplication] [           main] org.mongodb.driver.cluster               : Server selection started for operation with ID 12. Selector: WritableServerSelector, topology description: {type=STANDALONE, servers=[{address=localhost:27017, type=STANDALONE, roundTripTime=18.3 ms, state=CONNECTED}]
2024-11-07T16:47:46.938+05:30 DEBUG 31828 --- [restdemoApplication] [           main] org.mongodb.driver.cluster               : Server selection succeeded for operation with ID 12. Selected server: localhost:27017. Selector: WritableServerSelector, topology description: {type=STANDALONE, servers=[{address=localhost:27017, type=STANDALONE, roundTripTime=18.3 ms, state=CONNECTED}]
2024-11-07T16:47:46.938+05:30 DEBUG 31828 --- [restdemoApplication] [           main] org.mongodb.driver.connection            : Checkout started for connection to localhost:27017
2024-11-07T16:47:46.939+05:30 DEBUG 31828 --- [restdemoApplication] [           main] org.mongodb.driver.connection            : Connection checked out: address=localhost:27017, driver-generated ID=3, duration=0 ms
2024-11-07T16:47:46.939+05:30 DEBUG 31828 --- [restdemoApplication] [           main] org.mongodb.driver.operation             : retryWrites set to true but the server is a standalone server.
2024-11-07T16:47:46.939+05:30 DEBUG 31828 --- [restdemoApplication] [           main] org.mongodb.driver.operation             : retryWrites set to true but the server is a standalone server.
2024-11-07T16:47:46.940+05:30 DEBUG 31828 --- [restdemoApplication] [           main] org.mongodb.driver.protocol.command      : Command "delete" started on database "electronics_store" using a connection with driver-generated ID 3 and server-generated ID 69 to localhost:27017. The request ID is 13 and the operation ID is 12. Command: {"delete": "customers", "ordered": true, "$db": "electronics_store", "lsid": {"id": {"$binary": {"base64": "EG3nt2AiTreZRhm5uU7a7w==", "subType": "04"}}}, "deletes": [{"q": {}, "limit": 0}]}
2024-11-07T16:47:46.940+05:30 DEBUG 31828 --- [restdemoApplication] [           main] org.mongodb.driver.protocol.command      : Command "delete" succeeded on database "electronics_store" in 1.5448 ms using a connection with driver-generated ID 3 and server-generated ID 69 to localhost:27017. The request ID is 13 and the operation ID is 12. Command reply: {"n": 2, "ok": 1.0}
2024-11-07T16:47:46.941+05:30 DEBUG 31828 --- [restdemoApplication] [           main] org.mongodb.driver.connection            : Connection checked in: address=localhost:27017, driver-generated ID=3
]]></system-out>
  </testcase>
  <testcase name="testDeleteCustomer" classname="com.example.jap.CustomerRepositoryTest" time="0.023">
    <system-out><![CDATA[2024-11-07T16:47:46.948+05:30 DEBUG 31828 --- [restdemoApplication] [           main] o.s.data.mongodb.core.MongoTemplate      : Saving Document containing fields: [_id, customerName, customerPhoneNo, customerProduct, _class]
2024-11-07T16:47:46.948+05:30 DEBUG 31828 --- [restdemoApplication] [           main] org.mongodb.driver.cluster               : Server selection started for operation with ID 13. Selector: WritableServerSelector, topology description: {type=STANDALONE, servers=[{address=localhost:27017, type=STANDALONE, roundTripTime=18.3 ms, state=CONNECTED}]
2024-11-07T16:47:46.949+05:30 DEBUG 31828 --- [restdemoApplication] [           main] org.mongodb.driver.cluster               : Server selection succeeded for operation with ID 13. Selected server: localhost:27017. Selector: WritableServerSelector, topology description: {type=STANDALONE, servers=[{address=localhost:27017, type=STANDALONE, roundTripTime=18.3 ms, state=CONNECTED}]
2024-11-07T16:47:46.949+05:30 DEBUG 31828 --- [restdemoApplication] [           main] org.mongodb.driver.connection            : Checkout started for connection to localhost:27017
2024-11-07T16:47:46.949+05:30 DEBUG 31828 --- [restdemoApplication] [           main] org.mongodb.driver.connection            : Connection checked out: address=localhost:27017, driver-generated ID=3, duration=0 ms
2024-11-07T16:47:46.949+05:30 DEBUG 31828 --- [restdemoApplication] [           main] org.mongodb.driver.operation             : retryWrites set to true but the server is a standalone server.
2024-11-07T16:47:46.949+05:30 DEBUG 31828 --- [restdemoApplication] [           main] org.mongodb.driver.operation             : retryWrites set to true but the server is a standalone server.
2024-11-07T16:47:46.951+05:30 DEBUG 31828 --- [restdemoApplication] [           main] org.mongodb.driver.protocol.command      : Command "update" started on database "electronics_store" using a connection with driver-generated ID 3 and server-generated ID 69 to localhost:27017. The request ID is 14 and the operation ID is 13. Command: {"update": "customers", "ordered": true, "$db": "electronics_store", "lsid": {"id": {"$binary": {"base64": "EG3nt2AiTreZRhm5uU7a7w==", "subType": "04"}}}, "updates": [{"q": {"_id": "C001"}, "u": {"_id": "C001", "customerName": "John Doe", "customerPhoneNo": "1234567890", "customerProduct": {"productId": "P001", "productName": "Laptop", "productDescription": "Gaming Laptop"}, "_class": "com.example.jap.Customer"}, "upsert": true}]}
2024-11-07T16:47:46.952+05:30 DEBUG 31828 --- [restdemoApplication] [           main] org.mongodb.driver.protocol.command      : Command "update" succeeded on database "electronics_store" in 2.2059 ms using a connection with driver-generated ID 3 and server-generated ID 69 to localhost:27017. The request ID is 14 and the operation ID is 13. Command reply: {"n": 1, "upserted": [{"index": 0, "_id": "C001"}], "nModified": 0, "ok": 1.0}
2024-11-07T16:47:46.952+05:30 DEBUG 31828 --- [restdemoApplication] [           main] org.mongodb.driver.connection            : Connection checked in: address=localhost:27017, driver-generated ID=3
2024-11-07T16:47:46.955+05:30 DEBUG 31828 --- [restdemoApplication] [           main] o.s.data.mongodb.core.MongoTemplate      : Remove using query: { "_id" : "C001"} in collection: customers.
2024-11-07T16:47:46.955+05:30 DEBUG 31828 --- [restdemoApplication] [           main] org.mongodb.driver.cluster               : Server selection started for operation with ID 14. Selector: WritableServerSelector, topology description: {type=STANDALONE, servers=[{address=localhost:27017, type=STANDALONE, roundTripTime=18.3 ms, state=CONNECTED}]
2024-11-07T16:47:46.956+05:30 DEBUG 31828 --- [restdemoApplication] [           main] org.mongodb.driver.cluster               : Server selection succeeded for operation with ID 14. Selected server: localhost:27017. Selector: WritableServerSelector, topology description: {type=STANDALONE, servers=[{address=localhost:27017, type=STANDALONE, roundTripTime=18.3 ms, state=CONNECTED}]
2024-11-07T16:47:46.956+05:30 DEBUG 31828 --- [restdemoApplication] [           main] org.mongodb.driver.connection            : Checkout started for connection to localhost:27017
2024-11-07T16:47:46.956+05:30 DEBUG 31828 --- [restdemoApplication] [           main] org.mongodb.driver.connection            : Connection checked out: address=localhost:27017, driver-generated ID=3, duration=0 ms
2024-11-07T16:47:46.956+05:30 DEBUG 31828 --- [restdemoApplication] [           main] org.mongodb.driver.operation             : retryWrites set to true but the server is a standalone server.
2024-11-07T16:47:46.956+05:30 DEBUG 31828 --- [restdemoApplication] [           main] org.mongodb.driver.operation             : retryWrites set to true but the server is a standalone server.
2024-11-07T16:47:46.957+05:30 DEBUG 31828 --- [restdemoApplication] [           main] org.mongodb.driver.protocol.command      : Command "delete" started on database "electronics_store" using a connection with driver-generated ID 3 and server-generated ID 69 to localhost:27017. The request ID is 15 and the operation ID is 14. Command: {"delete": "customers", "ordered": true, "$db": "electronics_store", "lsid": {"id": {"$binary": {"base64": "EG3nt2AiTreZRhm5uU7a7w==", "subType": "04"}}}, "deletes": [{"q": {"_id": "C001"}, "limit": 0}]}
2024-11-07T16:47:46.958+05:30 DEBUG 31828 --- [restdemoApplication] [           main] org.mongodb.driver.protocol.command      : Command "delete" succeeded on database "electronics_store" in 1.7734 ms using a connection with driver-generated ID 3 and server-generated ID 69 to localhost:27017. The request ID is 15 and the operation ID is 14. Command reply: {"n": 1, "ok": 1.0}
2024-11-07T16:47:46.959+05:30 DEBUG 31828 --- [restdemoApplication] [           main] org.mongodb.driver.connection            : Connection checked in: address=localhost:27017, driver-generated ID=3
2024-11-07T16:47:46.959+05:30 DEBUG 31828 --- [restdemoApplication] [           main] o.s.data.mongodb.core.MongoTemplate      : findOne using query: { "customerId" : "C001"} fields: Document{{}} for class: class com.example.jap.Customer in collection: customers
2024-11-07T16:47:46.960+05:30 DEBUG 31828 --- [restdemoApplication] [           main] org.mongodb.driver.cluster               : Server selection started for operation with ID 15. Selector: ReadPreferenceServerSelector{readPreference=primary}, topology description: {type=STANDALONE, servers=[{address=localhost:27017, type=STANDALONE, roundTripTime=18.3 ms, state=CONNECTED}]
2024-11-07T16:47:46.960+05:30 DEBUG 31828 --- [restdemoApplication] [           main] org.mongodb.driver.cluster               : Server selection succeeded for operation with ID 15. Selected server: localhost:27017. Selector: ReadPreferenceServerSelector{readPreference=primary}, topology description: {type=STANDALONE, servers=[{address=localhost:27017, type=STANDALONE, roundTripTime=18.3 ms, state=CONNECTED}]
2024-11-07T16:47:46.960+05:30 DEBUG 31828 --- [restdemoApplication] [           main] org.mongodb.driver.connection            : Checkout started for connection to localhost:27017
2024-11-07T16:47:46.960+05:30 DEBUG 31828 --- [restdemoApplication] [           main] org.mongodb.driver.connection            : Connection checked out: address=localhost:27017, driver-generated ID=3, duration=0 ms
2024-11-07T16:47:46.961+05:30 DEBUG 31828 --- [restdemoApplication] [           main] org.mongodb.driver.protocol.command      : Command "find" started on database "electronics_store" using a connection with driver-generated ID 3 and server-generated ID 69 to localhost:27017. The request ID is 16 and the operation ID is 15. Command: {"find": "customers", "filter": {"_id": "C001"}, "limit": 1, "singleBatch": true, "$db": "electronics_store", "lsid": {"id": {"$binary": {"base64": "EG3nt2AiTreZRhm5uU7a7w==", "subType": "04"}}}}
2024-11-07T16:47:46.962+05:30 DEBUG 31828 --- [restdemoApplication] [           main] org.mongodb.driver.protocol.command      : Command "find" succeeded on database "electronics_store" in 0.9885 ms using a connection with driver-generated ID 3 and server-generated ID 69 to localhost:27017. The request ID is 16 and the operation ID is 15. Command reply: {"cursor": {"firstBatch": [], "id": 0, "ns": "electronics_store.customers"}, "ok": 1.0}
2024-11-07T16:47:46.962+05:30 DEBUG 31828 --- [restdemoApplication] [           main] org.mongodb.driver.operation             : Received batch of 0 documents with cursorId 0 from server localhost:27017
2024-11-07T16:47:46.962+05:30 DEBUG 31828 --- [restdemoApplication] [           main] org.mongodb.driver.connection            : Connection checked in: address=localhost:27017, driver-generated ID=3
2024-11-07T16:47:46.963+05:30 DEBUG 31828 --- [restdemoApplication] [           main] o.s.data.mongodb.core.MongoTemplate      : Remove using query: {} in collection: customers.
2024-11-07T16:47:46.963+05:30 DEBUG 31828 --- [restdemoApplication] [           main] org.mongodb.driver.cluster               : Server selection started for operation with ID 16. Selector: WritableServerSelector, topology description: {type=STANDALONE, servers=[{address=localhost:27017, type=STANDALONE, roundTripTime=18.3 ms, state=CONNECTED}]
2024-11-07T16:47:46.963+05:30 DEBUG 31828 --- [restdemoApplication] [           main] org.mongodb.driver.cluster               : Server selection succeeded for operation with ID 16. Selected server: localhost:27017. Selector: WritableServerSelector, topology description: {type=STANDALONE, servers=[{address=localhost:27017, type=STANDALONE, roundTripTime=18.3 ms, state=CONNECTED}]
2024-11-07T16:47:46.963+05:30 DEBUG 31828 --- [restdemoApplication] [           main] org.mongodb.driver.connection            : Checkout started for connection to localhost:27017
2024-11-07T16:47:46.964+05:30 DEBUG 31828 --- [restdemoApplication] [           main] org.mongodb.driver.connection            : Connection checked out: address=localhost:27017, driver-generated ID=3, duration=0 ms
2024-11-07T16:47:46.964+05:30 DEBUG 31828 --- [restdemoApplication] [           main] org.mongodb.driver.operation             : retryWrites set to true but the server is a standalone server.
2024-11-07T16:47:46.964+05:30 DEBUG 31828 --- [restdemoApplication] [           main] org.mongodb.driver.operation             : retryWrites set to true but the server is a standalone server.
2024-11-07T16:47:46.965+05:30 DEBUG 31828 --- [restdemoApplication] [           main] org.mongodb.driver.protocol.command      : Command "delete" started on database "electronics_store" using a connection with driver-generated ID 3 and server-generated ID 69 to localhost:27017. The request ID is 17 and the operation ID is 16. Command: {"delete": "customers", "ordered": true, "$db": "electronics_store", "lsid": {"id": {"$binary": {"base64": "EG3nt2AiTreZRhm5uU7a7w==", "subType": "04"}}}, "deletes": [{"q": {}, "limit": 0}]}
2024-11-07T16:47:46.966+05:30 DEBUG 31828 --- [restdemoApplication] [           main] org.mongodb.driver.protocol.command      : Command "delete" succeeded on database "electronics_store" in 1.4165 ms using a connection with driver-generated ID 3 and server-generated ID 69 to localhost:27017. The request ID is 17 and the operation ID is 16. Command reply: {"n": 0, "ok": 1.0}
2024-11-07T16:47:46.966+05:30 DEBUG 31828 --- [restdemoApplication] [           main] org.mongodb.driver.connection            : Connection checked in: address=localhost:27017, driver-generated ID=3
]]></system-out>
  </testcase>
  <testcase name="testFindAllCustomers" classname="com.example.jap.CustomerRepositoryTest" time="0.021">
    <system-out><![CDATA[2024-11-07T16:47:46.971+05:30 DEBUG 31828 --- [restdemoApplication] [           main] o.s.data.mongodb.core.MongoTemplate      : Saving Document containing fields: [_id, customerName, customerPhoneNo, customerProduct, _class]
2024-11-07T16:47:46.971+05:30 DEBUG 31828 --- [restdemoApplication] [           main] org.mongodb.driver.cluster               : Server selection started for operation with ID 17. Selector: WritableServerSelector, topology description: {type=STANDALONE, servers=[{address=localhost:27017, type=STANDALONE, roundTripTime=18.3 ms, state=CONNECTED}]
2024-11-07T16:47:46.971+05:30 DEBUG 31828 --- [restdemoApplication] [           main] org.mongodb.driver.cluster               : Server selection succeeded for operation with ID 17. Selected server: localhost:27017. Selector: WritableServerSelector, topology description: {type=STANDALONE, servers=[{address=localhost:27017, type=STANDALONE, roundTripTime=18.3 ms, state=CONNECTED}]
2024-11-07T16:47:46.971+05:30 DEBUG 31828 --- [restdemoApplication] [           main] org.mongodb.driver.connection            : Checkout started for connection to localhost:27017
2024-11-07T16:47:46.972+05:30 DEBUG 31828 --- [restdemoApplication] [           main] org.mongodb.driver.connection            : Connection checked out: address=localhost:27017, driver-generated ID=3, duration=0 ms
2024-11-07T16:47:46.972+05:30 DEBUG 31828 --- [restdemoApplication] [           main] org.mongodb.driver.operation             : retryWrites set to true but the server is a standalone server.
2024-11-07T16:47:46.972+05:30 DEBUG 31828 --- [restdemoApplication] [           main] org.mongodb.driver.operation             : retryWrites set to true but the server is a standalone server.
2024-11-07T16:47:46.972+05:30 DEBUG 31828 --- [restdemoApplication] [           main] org.mongodb.driver.protocol.command      : Command "update" started on database "electronics_store" using a connection with driver-generated ID 3 and server-generated ID 69 to localhost:27017. The request ID is 18 and the operation ID is 17. Command: {"update": "customers", "ordered": true, "$db": "electronics_store", "lsid": {"id": {"$binary": {"base64": "EG3nt2AiTreZRhm5uU7a7w==", "subType": "04"}}}, "updates": [{"q": {"_id": "C001"}, "u": {"_id": "C001", "customerName": "John Doe", "customerPhoneNo": "1234567890", "customerProduct": {"productId": "P001", "productName": "Laptop", "productDescription": "Gaming Laptop"}, "_class": "com.example.jap.Customer"}, "upsert": true}]}
2024-11-07T16:47:46.976+05:30 DEBUG 31828 --- [restdemoApplication] [           main] org.mongodb.driver.protocol.command      : Command "update" succeeded on database "electronics_store" in 2.9665 ms using a connection with driver-generated ID 3 and server-generated ID 69 to localhost:27017. The request ID is 18 and the operation ID is 17. Command reply: {"n": 1, "upserted": [{"index": 0, "_id": "C001"}], "nModified": 0, "ok": 1.0}
2024-11-07T16:47:46.976+05:30 DEBUG 31828 --- [restdemoApplication] [           main] org.mongodb.driver.connection            : Connection checked in: address=localhost:27017, driver-generated ID=3
2024-11-07T16:47:46.977+05:30 DEBUG 31828 --- [restdemoApplication] [           main] o.s.data.mongodb.core.MongoTemplate      : find using query: {} fields: Document{{}} sort: null for class: class com.example.jap.Customer in collection: customers
2024-11-07T16:47:46.979+05:30 DEBUG 31828 --- [restdemoApplication] [           main] org.mongodb.driver.cluster               : Server selection started for operation with ID 18. Selector: ReadPreferenceServerSelector{readPreference=primary}, topology description: {type=STANDALONE, servers=[{address=localhost:27017, type=STANDALONE, roundTripTime=18.3 ms, state=CONNECTED}]
2024-11-07T16:47:46.980+05:30 DEBUG 31828 --- [restdemoApplication] [           main] org.mongodb.driver.cluster               : Server selection succeeded for operation with ID 18. Selected server: localhost:27017. Selector: ReadPreferenceServerSelector{readPreference=primary}, topology description: {type=STANDALONE, servers=[{address=localhost:27017, type=STANDALONE, roundTripTime=18.3 ms, state=CONNECTED}]
2024-11-07T16:47:46.980+05:30 DEBUG 31828 --- [restdemoApplication] [           main] org.mongodb.driver.connection            : Checkout started for connection to localhost:27017
2024-11-07T16:47:46.980+05:30 DEBUG 31828 --- [restdemoApplication] [           main] org.mongodb.driver.connection            : Connection checked out: address=localhost:27017, driver-generated ID=3, duration=0 ms
2024-11-07T16:47:46.981+05:30 DEBUG 31828 --- [restdemoApplication] [           main] org.mongodb.driver.protocol.command      : Command "find" started on database "electronics_store" using a connection with driver-generated ID 3 and server-generated ID 69 to localhost:27017. The request ID is 19 and the operation ID is 18. Command: {"find": "customers", "filter": {}, "$db": "electronics_store", "lsid": {"id": {"$binary": {"base64": "EG3nt2AiTreZRhm5uU7a7w==", "subType": "04"}}}}
2024-11-07T16:47:46.983+05:30 DEBUG 31828 --- [restdemoApplication] [           main] org.mongodb.driver.protocol.command      : Command "find" succeeded on database "electronics_store" in 1.8303 ms using a connection with driver-generated ID 3 and server-generated ID 69 to localhost:27017. The request ID is 19 and the operation ID is 18. Command reply: {"cursor": {"firstBatch": [{"_id": "C001", "customerName": "John Doe", "customerPhoneNo": "1234567890", "customerProduct": {"productId": "P001", "productName": "Laptop", "productDescription": "Gaming Laptop"}, "_class": "com.example.jap.Customer"}], "id": 0, "ns": "electronics_store.customers"}, "ok": 1.0}
2024-11-07T16:47:46.983+05:30 DEBUG 31828 --- [restdemoApplication] [           main] org.mongodb.driver.operation             : Received batch of 1 documents with cursorId 0 from server localhost:27017
2024-11-07T16:47:46.983+05:30 DEBUG 31828 --- [restdemoApplication] [           main] org.mongodb.driver.connection            : Connection checked in: address=localhost:27017, driver-generated ID=3
2024-11-07T16:47:46.986+05:30 DEBUG 31828 --- [restdemoApplication] [           main] o.s.data.mongodb.core.MongoTemplate      : Remove using query: {} in collection: customers.
2024-11-07T16:47:46.986+05:30 DEBUG 31828 --- [restdemoApplication] [           main] org.mongodb.driver.cluster               : Server selection started for operation with ID 19. Selector: WritableServerSelector, topology description: {type=STANDALONE, servers=[{address=localhost:27017, type=STANDALONE, roundTripTime=18.3 ms, state=CONNECTED}]
2024-11-07T16:47:46.987+05:30 DEBUG 31828 --- [restdemoApplication] [           main] org.mongodb.driver.cluster               : Server selection succeeded for operation with ID 19. Selected server: localhost:27017. Selector: WritableServerSelector, topology description: {type=STANDALONE, servers=[{address=localhost:27017, type=STANDALONE, roundTripTime=18.3 ms, state=CONNECTED}]
2024-11-07T16:47:46.987+05:30 DEBUG 31828 --- [restdemoApplication] [           main] org.mongodb.driver.connection            : Checkout started for connection to localhost:27017
2024-11-07T16:47:46.987+05:30 DEBUG 31828 --- [restdemoApplication] [           main] org.mongodb.driver.connection            : Connection checked out: address=localhost:27017, driver-generated ID=3, duration=0 ms
2024-11-07T16:47:46.987+05:30 DEBUG 31828 --- [restdemoApplication] [           main] org.mongodb.driver.operation             : retryWrites set to true but the server is a standalone server.
2024-11-07T16:47:46.987+05:30 DEBUG 31828 --- [restdemoApplication] [           main] org.mongodb.driver.operation             : retryWrites set to true but the server is a standalone server.
2024-11-07T16:47:46.988+05:30 DEBUG 31828 --- [restdemoApplication] [           main] org.mongodb.driver.protocol.command      : Command "delete" started on database "electronics_store" using a connection with driver-generated ID 3 and server-generated ID 69 to localhost:27017. The request ID is 20 and the operation ID is 19. Command: {"delete": "customers", "ordered": true, "$db": "electronics_store", "lsid": {"id": {"$binary": {"base64": "EG3nt2AiTreZRhm5uU7a7w==", "subType": "04"}}}, "deletes": [{"q": {}, "limit": 0}]}
2024-11-07T16:47:46.989+05:30 DEBUG 31828 --- [restdemoApplication] [           main] org.mongodb.driver.protocol.command      : Command "delete" succeeded on database "electronics_store" in 1.6238 ms using a connection with driver-generated ID 3 and server-generated ID 69 to localhost:27017. The request ID is 20 and the operation ID is 19. Command reply: {"n": 1, "ok": 1.0}
2024-11-07T16:47:46.989+05:30 DEBUG 31828 --- [restdemoApplication] [           main] org.mongodb.driver.connection            : Connection checked in: address=localhost:27017, driver-generated ID=3
]]></system-out>
  </testcase>
</testsuite>